Log - 2025-06-20 20:49:04
[2025-06-20 20:49:12] [INFO] [fdfb4c58] === Section: Deleting All Tables ===
[2025-06-20 20:49:12] [INFO] [fdfb4c58] Deleted table `conversion`
[2025-06-20 20:49:12] [INFO] [fdfb4c58] Deleted table `courses`
[2025-06-20 20:49:12] [INFO] [fdfb4c58] Deleted table `students`
[2025-06-20 20:49:12] [INFO] [fdfb4c58] Deleted table `teachers`
[2025-06-20 20:49:12] [INFO] [fdfb4c58] === Deleted 4 tables ===

[2025-06-20 20:49:16] [INFO] [fdfb4c58] === Section: Export Tables & Data ===
[2025-06-20 20:49:16] [INFO] [fdfb4c58] Begin exporting tables from `demo` to `demo`
[2025-06-20 20:49:16] [INFO] [fdfb4c58] - Dropping `conversion` if exists
[2025-06-20 20:49:16] [INFO] [fdfb4c58] - Dropping `teachers` if exists
[2025-06-20 20:49:16] [INFO] [fdfb4c58] - Dropping `courses` if exists
[2025-06-20 20:49:16] [INFO] [fdfb4c58] - Dropping `students` if exists
[2025-06-20 20:49:16] [INFO] [fdfb4c58]  ✅ Export complete: 0 tables exported, 4 skipped
[2025-06-20 20:49:16] [INFO] [fdfb4c58] === Tables exported: 0; skipped: 4 ===


Log - 2025-06-20 20:51:45

Log - 2025-06-20 20:52:06

Log - 2025-06-20 20:52:08

Log - 2025-06-20 20:52:10

Log - 2025-06-20 20:52:14

Log - 2025-06-20 20:52:15

Log - 2025-06-20 20:52:27

Log - 2025-06-20 21:33:44

Log - 2025-06-20 21:40:11

Log - 2025-06-20 21:40:20

<<<<<<< Updated upstream
[2025-06-20 15:23:58] [INFO] [c28750d2]  ✅ Export complete: 0 tables exported, 0 skipped
[2025-06-20 15:23:58] [INFO] [c28750d2] === Tables exported: 4; skipped: 0 ===

[2025-06-20 15:23:58] [INFO] [c28750d2] === Section: Export Triggers ===
[2025-06-20 15:23:58] [INFO] [c28750d2] === ✅ Triggers exported: 3; errors: 0 ===

[2025-06-20 15:23:58] [INFO] [c28750d2] API `/export/` succeeded: exported_tables={'teachers', 'courses', 'conversion', 'students'}, exported_triggers=['trg_students_audit_insert_insert', 'trg_students_audit_update_update', 'trg_students_audit_delete_delete']
[2025-06-20 15:24:10] [INFO] [c28750d2] === Section: Deleting All Tables ===
[2025-06-20 15:24:10] [INFO] [c28750d2] Deleted table `conversion`
[2025-06-20 15:24:10] [INFO] [c28750d2] Deleted table `courses`
[2025-06-20 15:24:10] [INFO] [c28750d2] Deleted table `students`
[2025-06-20 15:24:10] [INFO] [c28750d2] Deleted table `teachers`
[2025-06-20 15:24:10] [INFO] [c28750d2] === Deleted 4 tables ===

[2025-06-20 15:24:12] [INFO] [c28750d2] === Section: Export Tables & Data ===
[2025-06-20 15:24:12] [INFO] [c28750d2] Begin exporting tables from `demo` to `demo`
[2025-06-20 15:24:12] [INFO] [c28750d2] >>> Section: Dropping & Creating Tables
[2025-06-20 15:24:12] [INFO] [c28750d2] - Dropping `conversion` if exists
[2025-06-20 15:24:12] [INFO] [c28750d2] - Created table `conversion`
[2025-06-20 15:24:12] [INFO] [c28750d2] - Dropping `teachers` if exists
[2025-06-20 15:24:12] [INFO] [c28750d2] - Created table `teachers`
[2025-06-20 15:24:12] [INFO] [c28750d2] - Dropping `courses` if exists
[2025-06-20 15:24:12] [INFO] [c28750d2] - Created table `courses`
[2025-06-20 15:24:12] [INFO] [c28750d2] - Dropping `students` if exists
[2025-06-20 15:24:12] [INFO] [c28750d2] - Created table `students`
[2025-06-20 15:24:12] [INFO] [c28750d2] === ✅ Tables phase done: 4 created, 0 skipped ===

[2025-06-20 15:24:12] [INFO] [c28750d2] >>> Section: Loading Data
[2025-06-20 15:24:12] [INFO] [c28750d2] - Loaded data into `conversion`
[2025-06-20 15:24:12] [INFO] [c28750d2] - Loaded data into `teachers`
[2025-06-20 15:24:12] [INFO] [c28750d2] - Loaded data into `courses`
[2025-06-20 15:24:12] [INFO] [c28750d2] - Loaded data into `students`
[2025-06-20 15:24:12] [INFO] [c28750d2] === ✅ Data phase done: 4 tables loaded ===

[2025-06-20 15:24:12] [INFO] [c28750d2] >>> Section: Creating Indexes
[2025-06-20 15:24:12] [INFO] [c28750d2] - Creating index `student_class` on `students`
[2025-06-20 15:24:12] [INFO] [c28750d2] Created index `student_class` on `students`
[2025-06-20 15:24:12] [INFO] [c28750d2]   -> Created `student_class`
[2025-06-20 15:24:12] [INFO] [c28750d2] === ✅ Index phase done: 1 indexes created ===

[2025-06-20 15:24:12] [INFO] [c28750d2] >>> Section: Adding Foreign Keys
[2025-06-20 15:24:12] [INFO] [c28750d2] - Adding FK `fk_teachers_student` on `teachers`
[2025-06-20 15:24:12] [INFO] [c28750d2]   -> Added `fk_teachers_student`
[2025-06-20 15:24:12] [INFO] [c28750d2] - Adding FK `fk_students_class` on `students`
[2025-06-20 15:24:12] [INFO] [c28750d2]   -> Added `fk_students_class`
[2025-06-20 15:24:12] [INFO] [c28750d2] === ✅ FK phase done: 2 FKs added ===

[2025-06-20 15:24:12] [INFO] [c28750d2]  ✅ Export complete: 0 tables exported, 0 skipped
[2025-06-20 15:24:12] [INFO] [c28750d2] === Tables exported: 4; skipped: 0 ===

[2025-06-20 15:24:12] [INFO] [c28750d2] === Section: Export Triggers ===
[2025-06-20 15:24:12] [INFO] [c28750d2] === ✅ Triggers exported: 3; errors: 0 ===

[2025-06-20 15:24:12] [INFO] [c28750d2] API `/export/` succeeded: exported_tables={'teachers', 'courses', 'conversion', 'students'}, exported_triggers=['trg_students_audit_insert_insert', 'trg_students_audit_update_update', 'trg_students_audit_delete_delete']
[2025-06-20 15:24:14] [INFO] [c28750d2] === Section: Export Tables & Data ===
[2025-06-20 15:24:14] [INFO] [c28750d2] Begin exporting tables from `demo` to `demo`
[2025-06-20 15:24:14] [INFO] [c28750d2] >>> Section: Dropping & Creating Tables
[2025-06-20 15:24:14] [INFO] [c28750d2] - Dropping `conversion` if exists
[2025-06-20 15:24:14] [INFO] [c28750d2] - Created table `conversion`
[2025-06-20 15:24:14] [INFO] [c28750d2] - Dropping `teachers` if exists
[2025-06-20 15:24:14] [INFO] [c28750d2] - Created table `teachers`
[2025-06-20 15:24:14] [INFO] [c28750d2] - Dropping `courses` if exists
[2025-06-20 15:24:14] [INFO] [c28750d2] - Created table `courses`
[2025-06-20 15:24:14] [INFO] [c28750d2] - Dropping `students` if exists
[2025-06-20 15:24:14] [INFO] [c28750d2] - Created table `students`
[2025-06-20 15:24:14] [INFO] [c28750d2] === ✅ Tables phase done: 4 created, 0 skipped ===

[2025-06-20 15:24:14] [INFO] [c28750d2] >>> Section: Loading Data
[2025-06-20 15:24:14] [INFO] [c28750d2] - Loaded data into `conversion`
[2025-06-20 15:24:14] [INFO] [c28750d2] - Loaded data into `teachers`
[2025-06-20 15:24:14] [ERROR] [c28750d2] - FAILED to load data into `courses`
[2025-06-20 15:24:14] [INFO] [c28750d2] - Loaded data into `students`
[2025-06-20 15:24:14] [INFO] [c28750d2] === ✅ Data phase done: 3 tables loaded ===

[2025-06-20 15:24:14] [INFO] [c28750d2] >>> Section: Creating Indexes
[2025-06-20 15:24:14] [INFO] [c28750d2] - Creating index `student_class` on `students`
[2025-06-20 15:24:14] [INFO] [c28750d2] Created index `student_class` on `students`
[2025-06-20 15:24:14] [INFO] [c28750d2]   -> Created `student_class`
[2025-06-20 15:24:14] [INFO] [c28750d2] === ✅ Index phase done: 1 indexes created ===

[2025-06-20 15:24:14] [INFO] [c28750d2] >>> Section: Adding Foreign Keys
[2025-06-20 15:24:14] [INFO] [c28750d2] - Adding FK `fk_teachers_student` on `teachers`
[2025-06-20 15:24:14] [INFO] [c28750d2]   -> Added `fk_teachers_student`
[2025-06-20 15:24:14] [INFO] [c28750d2] - Adding FK `fk_students_class` on `students`
[2025-06-20 15:24:14] [INFO] [c28750d2]   -> Added `fk_students_class`
[2025-06-20 15:24:14] [INFO] [c28750d2] === ✅ FK phase done: 2 FKs added ===

[2025-06-20 15:24:14] [INFO] [c28750d2]  ✅ Export complete: 0 tables exported, 1 skipped
[2025-06-20 15:24:14] [INFO] [c28750d2] === Tables exported: 4; skipped: 1 ===

[2025-06-20 15:24:21] [INFO] [c28750d2] === Section: Deleting All Tables ===
[2025-06-20 15:24:21] [INFO] [c28750d2] Deleted table `conversion`
[2025-06-20 15:24:21] [INFO] [c28750d2] Deleted table `courses`
[2025-06-20 15:24:21] [INFO] [c28750d2] Deleted table `students`
[2025-06-20 15:24:21] [INFO] [c28750d2] Deleted table `teachers`
[2025-06-20 15:24:21] [INFO] [c28750d2] === Deleted 4 tables ===

[2025-06-20 15:24:24] [INFO] [c28750d2] === Section: Export Tables & Data ===
[2025-06-20 15:24:24] [INFO] [c28750d2] Begin exporting tables from `demo` to `demo`
[2025-06-20 15:24:24] [INFO] [c28750d2] >>> Section: Dropping & Creating Tables
[2025-06-20 15:24:24] [INFO] [c28750d2] - Dropping `conversion` if exists
[2025-06-20 15:24:24] [INFO] [c28750d2] - Created table `conversion`
[2025-06-20 15:24:24] [INFO] [c28750d2] - Dropping `teachers` if exists
[2025-06-20 15:24:24] [INFO] [c28750d2] - Created table `teachers`
[2025-06-20 15:24:24] [INFO] [c28750d2] - Dropping `courses` if exists
[2025-06-20 15:24:24] [INFO] [c28750d2] - Created table `courses`
[2025-06-20 15:24:24] [INFO] [c28750d2] - Dropping `students` if exists
[2025-06-20 15:24:24] [INFO] [c28750d2] - Created table `students`
[2025-06-20 15:24:24] [INFO] [c28750d2] === ✅ Tables phase done: 4 created, 0 skipped ===

[2025-06-20 15:24:24] [INFO] [c28750d2] >>> Section: Loading Data
[2025-06-20 15:24:24] [INFO] [c28750d2] - Loaded data into `conversion`
[2025-06-20 15:24:24] [INFO] [c28750d2] - Loaded data into `teachers`
[2025-06-20 15:24:24] [INFO] [c28750d2] - Loaded data into `courses`
[2025-06-20 15:24:24] [INFO] [c28750d2] - Loaded data into `students`
[2025-06-20 15:24:24] [INFO] [c28750d2] === ✅ Data phase done: 4 tables loaded ===

[2025-06-20 15:24:24] [INFO] [c28750d2] >>> Section: Creating Indexes
[2025-06-20 15:24:24] [INFO] [c28750d2] - Creating index `student_class` on `students`
[2025-06-20 15:24:24] [INFO] [c28750d2] Created index `student_class` on `students`
[2025-06-20 15:24:24] [INFO] [c28750d2]   -> Created `student_class`
[2025-06-20 15:24:24] [INFO] [c28750d2] === ✅ Index phase done: 1 indexes created ===

[2025-06-20 15:24:24] [INFO] [c28750d2] >>> Section: Adding Foreign Keys
[2025-06-20 15:24:24] [INFO] [c28750d2] - Adding FK `fk_teachers_student` on `teachers`
[2025-06-20 15:24:24] [INFO] [c28750d2]   -> Added `fk_teachers_student`
[2025-06-20 15:24:24] [INFO] [c28750d2] - Adding FK `fk_students_class` on `students`
[2025-06-20 15:24:24] [INFO] [c28750d2]   -> Added `fk_students_class`
[2025-06-20 15:24:24] [INFO] [c28750d2] === ✅ FK phase done: 2 FKs added ===

[2025-06-20 15:24:24] [INFO] [c28750d2]  ✅ Export complete: 0 tables exported, 0 skipped
[2025-06-20 15:24:24] [INFO] [c28750d2] === Tables exported: 4; skipped: 0 ===

[2025-06-20 15:24:24] [INFO] [c28750d2] === Section: Export Triggers ===
[2025-06-20 15:24:24] [INFO] [c28750d2] === ✅ Triggers exported: 3; errors: 0 ===

[2025-06-20 15:24:24] [INFO] [c28750d2] API `/export/` succeeded: exported_tables={'teachers', 'courses', 'conversion', 'students'}, exported_triggers=['trg_students_audit_insert_insert', 'trg_students_audit_update_update', 'trg_students_audit_delete_delete']

Log - 2025-06-21 03:39:37
=======
Log - 2025-06-20 21:40:25
>>>>>>> Stashed changes

<<<<<<< Updated upstream
Log - 2025-06-21 16:40:56
<<<<<<< Updated upstream
=======
Log - 2025-06-21 16:40:36

Log - 2025-06-21 16:40:53

Log - 2025-06-21 16:40:59

Log - 2025-06-21 16:42:23

Log - 2025-06-21 16:43:26
>>>>>>> Stashed changes

Log - 2025-06-21 16:57:41

Log - 2025-06-21 16:58:45

Log - 2025-06-21 17:01:13

Log - 2025-06-21 17:01:15

Log - 2025-06-21 17:01:23

Log - 2025-06-21 17:01:29

Log - 2025-06-21 17:01:35

Log - 2025-06-21 17:01:36

Log - 2025-06-21 17:01:43

Log - 2025-06-21 17:01:56

Log - 2025-06-21 17:02:00

Log - 2025-06-21 17:02:03

Log - 2025-06-21 17:02:36

Log - 2025-06-21 17:02:38

Log - 2025-06-21 17:03:32

Log - 2025-06-21 17:03:51

Log - 2025-06-21 17:03:53

Log - 2025-06-21 17:04:04

Log - 2025-06-21 17:04:08

Log - 2025-06-21 17:04:12

Log - 2025-06-21 17:04:27

Log - 2025-06-21 17:05:35

Log - 2025-06-21 17:05:39

Log - 2025-06-21 17:05:41

Log - 2025-06-21 17:05:45

Log - 2025-06-21 17:05:46

Log - 2025-06-21 17:05:48

Log - 2025-06-21 17:05:54

Log - 2025-06-21 17:06:01

Log - 2025-06-21 17:06:09

Log - 2025-06-21 17:06:19

Log - 2025-06-21 17:06:21

Log - 2025-06-21 17:06:38

Log - 2025-06-21 17:07:17

Log - 2025-06-21 17:07:20

Log - 2025-06-21 17:07:26

Log - 2025-06-21 17:09:32

Log - 2025-06-21 17:09:34

Log - 2025-06-21 17:10:13

Log - 2025-06-21 17:10:17

Log - 2025-06-21 17:10:23

Log - 2025-06-21 17:10:26

Log - 2025-06-21 17:10:33

Log - 2025-06-21 17:10:36

Log - 2025-06-21 17:10:38

Log - 2025-06-21 17:11:37

Log - 2025-06-21 17:11:39

Log - 2025-06-21 17:11:44

Log - 2025-06-21 17:12:03

Log - 2025-06-21 17:12:15
=======

Log - 2025-06-21 21:27:47

Log - 2025-06-21 21:27:48

Log - 2025-06-21 22:15:00

Log - 2025-06-21 22:15:01

Log - 2025-06-21 22:29:06

Log - 2025-06-21 22:32:43

Log - 2025-06-21 22:32:47

Log - 2025-06-21 22:33:00

Log - 2025-06-21 22:34:47

Log - 2025-06-21 22:35:21

Log - 2025-06-21 22:35:44

Log - 2025-06-21 22:38:20

Log - 2025-06-21 22:38:35

Log - 2025-06-21 22:38:58

Log - 2025-06-21 22:45:08

Log - 2025-06-21 22:45:17

Log - 2025-06-21 22:50:09

Log - 2025-06-21 22:50:26

Log - 2025-06-21 22:57:42

Log - 2025-06-21 22:57:54

Log - 2025-06-21 22:58:31

Log - 2025-06-21 23:18:43

Log - 2025-06-21 23:19:12

Log - 2025-06-21 23:19:25

Log - 2025-06-21 23:56:46

Log - 2025-06-21 23:59:01

Log - 2025-06-21 23:59:22

Log - 2025-06-22 00:01:52

Log - 2025-06-22 00:02:12

Log - 2025-06-22 00:02:37

Log - 2025-06-22 00:02:46

Log - 2025-06-22 00:03:06

Log - 2025-06-22 00:03:48

Log - 2025-06-22 00:04:50

Log - 2025-06-22 00:10:08

Log - 2025-06-22 00:10:46

Log - 2025-06-22 00:12:48

Log - 2025-06-22 00:13:22

Log - 2025-06-22 00:14:14

Log - 2025-06-22 00:14:44

Log - 2025-06-22 00:15:01

Log - 2025-06-22 00:15:24

Log - 2025-06-22 00:15:50

Log - 2025-06-22 00:16:34

Log - 2025-06-22 00:19:42

Log - 2025-06-22 00:19:50

Log - 2025-06-22 00:20:33

Log - 2025-06-22 00:21:26

Log - 2025-06-22 00:23:16

Log - 2025-06-22 00:23:48

Log - 2025-06-22 00:26:38

Log - 2025-06-22 00:28:16

Log - 2025-06-22 00:28:20

Log - 2025-06-22 00:28:39

Log - 2025-06-22 00:29:37

Log - 2025-06-22 00:30:12

Log - 2025-06-22 00:31:32

Log - 2025-06-22 00:32:19

Log - 2025-06-22 11:04:38

Log - 2025-06-22 11:13:18

Log - 2025-06-22 11:14:50

Log - 2025-06-22 11:15:01

Log - 2025-06-22 11:17:17

Log - 2025-06-22 11:17:27

Log - 2025-06-22 11:18:21

Log - 2025-06-22 11:19:59

Log - 2025-06-22 11:20:12

Log - 2025-06-22 11:20:39

Log - 2025-06-22 11:21:03

Log - 2025-06-22 11:22:52

Log - 2025-06-22 11:23:18

Log - 2025-06-22 11:23:26

Log - 2025-06-22 11:23:55

Log - 2025-06-22 11:27:17

Log - 2025-06-22 11:27:32

Log - 2025-06-22 11:28:30

Log - 2025-06-22 11:30:11

Log - 2025-06-22 11:38:13

Log - 2025-06-22 11:41:56

Log - 2025-06-22 11:42:14

Log - 2025-06-22 11:43:01

Log - 2025-06-22 11:43:46

Log - 2025-06-22 11:43:59

Log - 2025-06-22 11:44:53

Log - 2025-06-22 11:45:08

Log - 2025-06-22 11:45:17

Log - 2025-06-22 11:46:48

Log - 2025-06-22 11:49:24

Log - 2025-06-22 11:51:25

Log - 2025-06-22 11:52:38

Log - 2025-06-22 11:52:40

Log - 2025-06-22 11:52:55

Log - 2025-06-22 11:53:00

Log - 2025-06-22 11:53:46

Log - 2025-06-22 11:58:57

Log - 2025-06-22 12:01:25

Log - 2025-06-22 12:01:54

Log - 2025-06-22 12:05:05

Log - 2025-06-22 12:08:02

Log - 2025-06-22 12:09:14

Log - 2025-06-22 12:09:56

Log - 2025-06-22 12:12:43

Log - 2025-06-22 12:13:08

Log - 2025-06-22 12:13:48

Log - 2025-06-22 12:28:33

Log - 2025-06-22 12:39:13

Log - 2025-06-22 12:39:22

Log - 2025-06-22 12:42:26

Log - 2025-06-22 12:43:47

Log - 2025-06-22 12:44:26

Log - 2025-06-22 12:46:47

Log - 2025-06-22 12:47:31

Log - 2025-06-22 12:47:56

Log - 2025-06-22 12:49:18

Log - 2025-06-22 12:49:27

Log - 2025-06-22 12:50:17

Log - 2025-06-22 12:51:10

Log - 2025-06-22 12:53:08

Log - 2025-06-22 12:53:24

Log - 2025-06-22 12:54:16

Log - 2025-06-22 12:55:00

Log - 2025-06-22 12:55:10

Log - 2025-06-22 12:56:01

Log - 2025-06-22 12:56:26

Log - 2025-06-22 12:56:29

Log - 2025-06-22 13:00:39

Log - 2025-06-22 13:01:08

Log - 2025-06-22 13:01:18

Log - 2025-06-22 13:01:39

Log - 2025-06-22 13:01:57

Log - 2025-06-22 13:02:23

Log - 2025-06-22 13:02:33

Log - 2025-06-22 13:04:08

Log - 2025-06-22 13:04:50

Log - 2025-06-22 13:05:43

Log - 2025-06-22 13:06:00

Log - 2025-06-22 13:06:29

Log - 2025-06-22 13:06:34

Log - 2025-06-22 13:06:57

Log - 2025-06-22 13:07:43

Log - 2025-06-22 13:08:18

Log - 2025-06-22 13:08:22

Log - 2025-06-22 13:08:23

Log - 2025-06-22 13:11:06

Log - 2025-06-22 13:11:41

Log - 2025-06-22 14:23:30

Log - 2025-06-22 14:36:47

Log - 2025-06-22 14:37:02

Log - 2025-06-22 14:38:07

Log - 2025-06-22 14:39:27

Log - 2025-06-22 14:41:56

Log - 2025-06-22 14:44:54

Log - 2025-06-22 14:45:45

Log - 2025-06-22 14:46:10

Log - 2025-06-22 14:49:32

Log - 2025-06-22 14:50:17

Log - 2025-06-22 14:55:42

Log - 2025-06-22 14:56:50

Log - 2025-06-22 14:57:36

Log - 2025-06-22 14:57:54

Log - 2025-06-22 15:00:13

Log - 2025-06-22 15:00:45

Log - 2025-06-22 16:02:28

Log - 2025-06-22 16:05:03

Log - 2025-06-22 16:27:33

Log - 2025-06-22 16:28:33

Log - 2025-06-22 16:28:50

Log - 2025-06-22 16:40:22

Log - 2025-06-22 16:41:12

Log - 2025-06-22 16:41:51

Log - 2025-06-22 16:42:39

Log - 2025-06-22 16:43:38

Log - 2025-06-22 16:44:20

Log - 2025-06-22 16:45:03

Log - 2025-06-22 16:45:08

Log - 2025-06-22 16:45:27

Log - 2025-06-22 16:45:43

Log - 2025-06-22 16:45:59

Log - 2025-06-22 16:46:38

Log - 2025-06-22 16:47:20

Log - 2025-06-22 16:47:44

Log - 2025-06-22 16:48:48

Log - 2025-06-22 16:50:24

Log - 2025-06-22 16:50:47

Log - 2025-06-22 16:50:54

Log - 2025-06-22 16:51:28

Log - 2025-06-22 16:52:49

Log - 2025-06-22 17:30:25

Log - 2025-06-22 18:00:09

Log - 2025-06-22 18:15:59
>>>>>>> Stashed changes

Log - 2025-06-22 19:00:55

Log - 2025-06-22 19:15:03

Log - 2025-06-22 19:15:24

Log - 2025-06-22 19:15:48
